==================================================
Account Created
Photo Captured Successfully
Candidate Registered Successfully
Date : 17-07-2026
Time : 01:13:31
==================================================

==================================================
Login Successful
Date : 17-07-2026
Time : 01:15:17
==================================================

==================================================
Login Successful
Date : 17-07-2026
Time : 01:18:03
==================================================

==================================================
Login Successful
Date : 17-07-2026
Time : 01:20:25
==================================================

==================================================
Login Successful
Date : 17-07-2026
Time : 01:22:32
==================================================

==================================================
Login Successful
Date : 17-07-2026
Time : 01:25:07
==================================================

==================================================
Login Successful
Date : 17-07-2026
Time : 01:25:48
==================================================

==================================================
Login Successful
Date : 17-07-2026
Time : 01:26:42
==================================================

==================================================
Login Successful
Date : 17-07-2026
Time : 01:27:23
==================================================

==================================================
Login Successful
Date : 17-07-2026
Time : 01:35:07
==================================================

==================================================
Login Successful
Date : 17-07-2026
Time : 21:33:34
==================================================

==================================================
Login Successful
Date : 17-07-2026
Time : 21:41:02
==================================================

==================================================
Login Successful
Date : 17-07-2026
Time : 21:47:27
==================================================

==================================================
Login Successful
Date : 17-07-2026
Time : 22:05:26
==================================================

==================================================
Login Successful
Date : 17-07-2026
Time : 22:52:43
==================================================

==================================================
Login Successful
Date : 18-07-2026
Time : 21:05:18
==================================================

==================================================
Login Successful
Date : 18-07-2026
Time : 22:07:55
==================================================

==================================================
Exam Started

    Initial Status
    Faces Detected : 0
    Missing Time : 0 sec
Date : 18-07-2026
Time : 22:08:11
==================================================

==================================================
Login Successful
Date : 18-07-2026
Time : 22:10:01
==================================================

==================================================
Exam Started

    Initial Status
    Faces Detected : 0
    Missing Time : 0 sec
Date : 18-07-2026
Time : 22:10:04
==================================================

==================================================
Login Successful
Date : 18-07-2026
Time : 22:12:23
==================================================

==================================================
Exam Started

    Initial Status
    Faces Detected : 0
    Missing Time : 0 sec
Date : 18-07-2026
Time : 22:12:25
==================================================

[22:12:36] Candidate Missing
[22:12:40] Candidate Returned (Missing 4 sec)
[22:12:40] Multiple Faces Detected (2 Faces)
[22:12:40] Face Count Normal (1 Face)
[22:12:40] Multiple Faces Detected (2 Faces)
[22:12:40] Face Count Normal (1 Face)
[22:12:40] Multiple Faces Detected (2 Faces)
[22:12:40] Face Count Normal (1 Face)
[22:12:42] Multiple Faces Detected (2 Faces)
[22:12:42] Face Count Normal (1 Face)
[22:12:46] Multiple Faces Detected (2 Faces)
[22:12:46] Face Count Normal (1 Face)
[22:12:46] Multiple Faces Detected (2 Faces)
[22:12:46] Face Count Normal (1 Face)
[22:12:46] Multiple Faces Detected (2 Faces)
[22:12:47] Face Count Normal (1 Face)
[22:12:59] Candidate Missing
[22:13:01] Candidate Returned (Missing 2 sec)
[22:13:05] Candidate Missing
[22:13:05] Candidate Returned (Missing 0 sec)
[22:13:05] Candidate Missing
[22:13:06] Candidate Returned (Missing 1 sec)
[22:13:09] Multiple Faces Detected (2 Faces)
[22:13:09] Face Count Normal (1 Face)
[22:13:09] Multiple Faces Detected (2 Faces)
[22:13:10] Face Count Normal (1 Face)
[22:13:11] Candidate Missing
[22:13:11] Candidate Returned (Missing 0 sec)
[22:13:11] Multiple Faces Detected (2 Faces)
[22:13:11] Face Count Normal (1 Face)
[22:13:12] Multiple Faces Detected (2 Faces)
[22:13:12] Face Count Normal (1 Face)
[22:13:12] Multiple Faces Detected (2 Faces)
[22:13:12] Face Count Normal (1 Face)
[22:13:12] Multiple Faces Detected (2 Faces)
[22:13:12] Face Count Normal (1 Face)
[22:13:12] Multiple Faces Detected (2 Faces)
[22:13:12] Face Count Normal (1 Face)
==================================================
Login Successful
Date : 22-07-2026
Time : 20:26:34
==================================================

==================================================
Exam Started

    Initial Status
    Faces Detected : 0
    Missing Time : 0 sec
Date : 22-07-2026
Time : 20:26:35
==================================================

[20:26:38] Candidate Missing
==================================================
Login Successful
Date : 22-07-2026
Time : 20:27:49
==================================================

==================================================
Exam Started

    Initial Status
    Faces Detected : 0
    Missing Time : 0 sec
Date : 22-07-2026
Time : 20:27:52
==================================================

==================================================
Exam Started

    Initial Status
    Faces Detected : 0
    Missing Time : 0 sec
Date : 22-07-2026
Time : 20:28:00
==================================================

==================================================
Login Successful
Date : 22-07-2026
Time : 20:29:03
==================================================

==================================================
Exam Started

    Initial Status
    Faces Detected : 0
    Missing Time : 0 sec
Date : 22-07-2026
Time : 20:29:04
==================================================

[20:29:07] Candidate Missing
[20:29:07] Candidate Returned (Missing 0 sec)
[20:29:09] Candidate Missing
[20:29:09] Multiple Faces Detected (2 Faces)
[20:29:09] Candidate Returned (Missing 0 sec)
[20:29:10] Face Count Normal (1 Face)
[20:29:18] Multiple Faces Detected (2 Faces)
[20:29:18] Candidate Missing
[20:29:19] Candidate Returned (Missing 0 sec)
[20:29:20] Candidate Missing
[20:29:20] Candidate Returned (Missing 0 sec)
[20:29:20] Candidate Missing
[20:29:20] Candidate Returned (Missing 0 sec)
[20:29:22] Candidate Missing
[20:29:26] Candidate Returned (Missing 4 sec)
[20:29:30] Multiple Faces Detected (2 Faces)
[20:29:30] Face Count Normal (1 Face)
[20:29:32] Candidate Missing
[20:29:32] Candidate Returned (Missing 0 sec)
[20:29:34] Multiple Faces Detected (2 Faces)
[20:29:34] Face Count Normal (1 Face)
==================================================
Login Successful
Date : 22-07-2026
Time : 20:42:22
==================================================

==================================================
Exam Started

    Initial Status
    Faces Detected : 0
    Missing Time : 0 sec
Date : 22-07-2026
Time : 20:42:23
==================================================

[20:42:32] Multiple Faces Detected (2 Faces)
[20:42:32] Face Count Normal (1 Face)
[20:42:33] Multiple Faces Detected (2 Faces)
[20:42:33] Face Count Normal (1 Face)
[20:42:33] Multiple Faces Detected (2 Faces)
[20:42:33] Face Count Normal (1 Face)
[20:42:34] Multiple Faces Detected (2 Faces)
[20:42:34] Face Count Normal (1 Face)
[20:42:40] Candidate Missing
[20:42:40] Candidate Returned (Missing 0 sec)
[20:42:40] Candidate Missing
[20:42:40] Candidate Returned (Missing 0 sec)
[20:42:40] Candidate Missing
[20:42:40] Candidate Returned (Missing 0 sec)
[20:42:40] Candidate Missing
[20:42:41] Candidate Returned (Missing 0 sec)
[20:42:41] Multiple Faces Detected (2 Faces)
[20:42:41] Candidate Missing
[20:42:41] Multiple Faces Detected (2 Faces)
[20:42:41] Candidate Returned (Missing 0 sec)
[20:42:41] Face Count Normal (1 Face)
[20:42:41] Candidate Missing
[20:42:41] Candidate Returned (Missing 0 sec)
[20:42:43] Multiple Faces Detected (2 Faces)
[20:42:43] Face Count Normal (1 Face)
[20:42:44] Multiple Faces Detected (2 Faces)
[20:42:44] Face Count Normal (1 Face)
[20:42:44] Multiple Faces Detected (2 Faces)
[20:42:44] Face Count Normal (1 Face)
[20:42:44] Multiple Faces Detected (2 Faces)
[20:42:44] Face Count Normal (1 Face)
[20:42:45] Multiple Faces Detected (2 Faces)
[20:42:45] Face Count Normal (1 Face)
[20:42:45] Multiple Faces Detected (2 Faces)
[20:42:45] Face Count Normal (1 Face)
[20:42:52] Multiple Faces Detected (2 Faces)
[20:42:52] Face Count Normal (1 Face)
[20:42:52] Multiple Faces Detected (2 Faces)
[20:42:52] Face Count Normal (1 Face)
[20:42:52] Multiple Faces Detected (2 Faces)
[20:42:52] Face Count Normal (1 Face)
[20:42:58] Multiple Faces Detected (2 Faces)
[20:42:58] Face Count Normal (1 Face)
[20:42:59] Multiple Faces Detected (2 Faces)
[20:42:59] Face Count Normal (1 Face)
[20:43:00] Multiple Faces Detected (2 Faces)
[20:43:00] Face Count Normal (1 Face)
[20:43:00] Multiple Faces Detected (2 Faces)
[20:43:00] Face Count Normal (1 Face)
[20:43:00] Multiple Faces Detected (2 Faces)
[20:43:00] Face Count Normal (1 Face)
[20:43:00] Multiple Faces Detected (2 Faces)
[20:43:00] Face Count Normal (1 Face)
[20:43:00] Multiple Faces Detected (2 Faces)
[20:43:00] Face Count Normal (1 Face)
[20:43:01] Multiple Faces Detected (2 Faces)
[20:43:01] Face Count Normal (1 Face)
[20:43:01] Multiple Faces Detected (2 Faces)
[20:43:01] Face Count Normal (1 Face)
[20:43:01] Multiple Faces Detected (2 Faces)
[20:43:01] Face Count Normal (1 Face)
[20:43:01] Multiple Faces Detected (2 Faces)
[20:43:01] Face Count Normal (1 Face)
[20:43:01] Multiple Faces Detected (2 Faces)
[20:43:01] Face Count Normal (1 Face)
[20:43:02] Multiple Faces Detected (2 Faces)
[20:43:02] Face Count Normal (1 Face)
[20:43:02] Multiple Faces Detected (2 Faces)
[20:43:02] Face Count Normal (1 Face)
[20:43:02] Multiple Faces Detected (2 Faces)
[20:43:02] Face Count Normal (1 Face)
[20:43:03] Multiple Faces Detected (2 Faces)
[20:43:03] Face Count Normal (1 Face)
[20:43:03] Multiple Faces Detected (2 Faces)
[20:43:03] Face Count Normal (1 Face)
[20:43:03] Multiple Faces Detected (2 Faces)
[20:43:03] Face Count Normal (1 Face)
[20:43:03] Multiple Faces Detected (2 Faces)
[20:43:03] Face Count Normal (1 Face)
[20:43:04] Multiple Faces Detected (2 Faces)
[20:43:04] Face Count Normal (1 Face)
[20:43:04] Multiple Faces Detected (2 Faces)
[20:43:04] Face Count Normal (1 Face)
[20:43:13] Multiple Faces Detected (2 Faces)
[20:43:13] Face Count Normal (1 Face)
[20:43:14] Multiple Faces Detected (2 Faces)
[20:43:14] Face Count Normal (1 Face)
[20:43:14] Multiple Faces Detected (2 Faces)
[20:43:14] Face Count Normal (1 Face)
[20:43:15] Multiple Faces Detected (2 Faces)
[20:43:15] Face Count Normal (1 Face)
[20:43:23] Multiple Faces Detected (2 Faces)
[20:43:23] Face Count Normal (1 Face)
[20:43:25] Multiple Faces Detected (2 Faces)
[20:43:25] Face Count Normal (1 Face)
[20:43:26] Multiple Faces Detected (2 Faces)
[20:43:26] Face Count Normal (1 Face)
[20:43:26] Multiple Faces Detected (2 Faces)
[20:43:26] Face Count Normal (1 Face)
[20:43:26] Multiple Faces Detected (2 Faces)
[20:43:26] Face Count Normal (1 Face)
[20:43:26] Multiple Faces Detected (2 Faces)
[20:43:26] Face Count Normal (1 Face)
[20:43:26] Multiple Faces Detected (2 Faces)
[20:43:26] Face Count Normal (1 Face)
[20:43:27] Multiple Faces Detected (2 Faces)
[20:43:27] Face Count Normal (1 Face)
[20:43:27] Multiple Faces Detected (2 Faces)
[20:43:27] Face Count Normal (1 Face)
[20:43:27] Multiple Faces Detected (2 Faces)
[20:43:27] Face Count Normal (1 Face)
[20:43:27] Multiple Faces Detected (2 Faces)
[20:43:27] Face Count Normal (1 Face)
[20:43:27] Multiple Faces Detected (2 Faces)
[20:43:27] Face Count Normal (1 Face)
[20:43:28] Multiple Faces Detected (2 Faces)
[20:43:28] Face Count Normal (1 Face)
[20:43:31] Multiple Faces Detected (2 Faces)
[20:43:31] Face Count Normal (1 Face)
[20:43:31] Multiple Faces Detected (2 Faces)
[20:43:31] Face Count Normal (1 Face)
[20:43:31] Multiple Faces Detected (2 Faces)
[20:43:31] Face Count Normal (1 Face)
[20:43:31] Multiple Faces Detected (2 Faces)
[20:43:31] Face Count Normal (1 Face)
[20:43:31] Multiple Faces Detected (2 Faces)
[20:43:31] Face Count Normal (1 Face)
[20:43:31] Multiple Faces Detected (2 Faces)
[20:43:31] Face Count Normal (1 Face)
[20:43:31] Multiple Faces Detected (2 Faces)
[20:43:31] Face Count Normal (1 Face)
[20:43:32] Multiple Faces Detected (2 Faces)
[20:43:32] Face Count Normal (1 Face)
[20:43:33] Multiple Faces Detected (2 Faces)
[20:43:39] Face Count Normal (1 Face)
[20:43:41] Multiple Faces Detected (2 Faces)
[20:43:41] Face Count Normal (1 Face)
[20:43:41] Multiple Faces Detected (2 Faces)
[20:43:41] Face Count Normal (1 Face)
[20:43:41] Multiple Faces Detected (2 Faces)
[20:43:41] Face Count Normal (1 Face)
[20:43:41] Multiple Faces Detected (2 Faces)
[20:43:41] Face Count Normal (1 Face)
[20:43:41] Multiple Faces Detected (2 Faces)
[20:43:41] Face Count Normal (1 Face)
[20:43:41] Multiple Faces Detected (2 Faces)
[20:43:41] Face Count Normal (1 Face)
[20:43:42] Multiple Faces Detected (2 Faces)
[20:43:42] Face Count Normal (1 Face)
[20:43:43] Multiple Faces Detected (2 Faces)
[20:43:43] Face Count Normal (1 Face)
[20:43:48] Multiple Faces Detected (2 Faces)
[20:43:48] Face Count Normal (1 Face)
[20:43:48] Multiple Faces Detected (2 Faces)
[20:43:48] Face Count Normal (1 Face)
[20:43:49] Multiple Faces Detected (2 Faces)
[20:43:49] Face Count Normal (1 Face)
[20:43:52] Multiple Faces Detected (2 Faces)
[20:43:52] Face Count Normal (1 Face)
[20:43:53] Multiple Faces Detected (2 Faces)
[20:43:53] Face Count Normal (1 Face)
[20:43:53] Multiple Faces Detected (2 Faces)
[20:43:53] Face Count Normal (1 Face)
[20:43:53] Multiple Faces Detected (2 Faces)
[20:43:53] Face Count Normal (1 Face)
[20:43:54] Multiple Faces Detected (2 Faces)
[20:43:54] Face Count Normal (1 Face)
[20:43:54] Multiple Faces Detected (2 Faces)
[20:43:54] Face Count Normal (1 Face)
[20:43:54] Multiple Faces Detected (2 Faces)
==================================================
Login Successful
Date : 22-07-2026
Time : 20:52:35
==================================================

==================================================
Exam Started

    Initial Status
    Faces Detected : 0
    Missing Time : 0 sec
Date : 22-07-2026
Time : 20:52:37
==================================================

[20:52:40] Browser Focus Lost
[20:52:43] Browser Focus Regained
[20:52:45] Browser Focus Lost
[20:52:47] Browser Focus Regained
[20:52:48] Multiple Faces Detected (2 Faces)
[20:52:48] Face Count Normal (1 Face)
[20:52:50] Multiple Faces Detected (2 Faces)
[20:52:50] Face Count Normal (1 Face)
[20:52:50] Multiple Faces Detected (2 Faces)
[20:52:50] Face Count Normal (1 Face)
[20:52:50] Browser Focus Lost
[20:52:51] Multiple Faces Detected (2 Faces)
[20:52:51] Face Count Normal (1 Face)
[20:52:53] Candidate Missing
[20:52:54] Candidate Returned (Missing 1 sec)
[20:52:55] Candidate Missing
[20:52:56] Candidate Returned (Missing 0 sec)
[20:52:59] Candidate Missing
[20:52:59] Candidate Returned (Missing 0 sec)
[20:53:10] Browser Focus Regained
[20:53:18] Multiple Faces Detected (2 Faces)
[20:53:18] Face Count Normal (1 Face)
[20:53:18] Candidate Missing
[20:53:18] Candidate Returned (Missing 0 sec)
[20:53:18] Candidate Missing
[20:53:18] Candidate Returned (Missing 0 sec)
[20:53:18] Candidate Missing
[20:53:19] Candidate Returned (Missing 0 sec)
[20:53:19] Candidate Missing
[20:53:20] Candidate Returned (Missing 0 sec)
[20:53:20] Multiple Faces Detected (2 Faces)
[20:53:20] Face Count Normal (1 Face)
[20:53:20] Multiple Faces Detected (2 Faces)
[20:53:20] Face Count Normal (1 Face)
[20:53:20] Multiple Faces Detected (2 Faces)
[20:53:20] Candidate Missing
[20:53:20] Candidate Returned (Missing 0 sec)
[20:53:20] Candidate Missing
[20:53:20] Candidate Returned (Missing 0 sec)
[20:53:21] Multiple Faces Detected (2 Faces)
[20:53:21] Face Count Normal (1 Face)
[20:53:21] Multiple Faces Detected (2 Faces)
[20:53:21] Face Count Normal (1 Face)
[20:53:21] Candidate Missing
[20:53:21] Candidate Returned (Missing 0 sec)
[20:53:21] Candidate Missing
[20:53:24] Candidate Returned (Missing 2 sec)
[20:53:24] Multiple Faces Detected (2 Faces)
[20:53:24] Face Count Normal (1 Face)
[20:53:24] Multiple Faces Detected (2 Faces)
[20:53:24] Face Count Normal (1 Face)
[20:53:25] Multiple Faces Detected (2 Faces)
[20:53:25] Face Count Normal (1 Face)
[20:53:28] Browser Focus Lost
[20:53:29] Browser Focus Regained
[20:53:30] Multiple Faces Detected (2 Faces)
[20:53:30] Face Count Normal (1 Face)
[20:53:31] Multiple Faces Detected (2 Faces)
[20:53:31] Face Count Normal (1 Face)
[20:53:31] Multiple Faces Detected (2 Faces)
[20:53:32] Face Count Normal (1 Face)
[20:53:32] Multiple Faces Detected (2 Faces)
[20:53:32] Face Count Normal (1 Face)
[20:53:32] Multiple Faces Detected (2 Faces)
[20:53:32] Face Count Normal (1 Face)
[20:53:32] Multiple Faces Detected (2 Faces)
[20:53:33] Face Count Normal (1 Face)
[20:53:33] Multiple Faces Detected (2 Faces)
[20:53:33] Face Count Normal (1 Face)
[20:53:34] Multiple Faces Detected (2 Faces)
[20:53:34] Face Count Normal (1 Face)
[20:53:34] Multiple Faces Detected (2 Faces)
[20:53:34] Face Count Normal (1 Face)
[20:53:34] Multiple Faces Detected (2 Faces)
[20:53:35] Face Count Normal (1 Face)
[20:53:35] Multiple Faces Detected (2 Faces)
[20:53:35] Face Count Normal (1 Face)
[20:53:35] Multiple Faces Detected (2 Faces)
[20:53:35] Face Count Normal (1 Face)
