==================================================
Account Created
Photo Captured Successfully
Candidate Registered Successfully
Date : 20-07-2026
Time : 21:36:12
==================================================

==================================================
Login Successful
Date : 20-07-2026
Time : 21:36:38
==================================================

==================================================
Login Successful
Date : 20-07-2026
Time : 21:48:40
==================================================

==================================================
Login Successful
Date : 20-07-2026
Time : 22:02:33
==================================================

==================================================
Account Created
Photo Captured Successfully
Candidate Registered Successfully
Date : 21-07-2026
Time : 20:52:58
==================================================

==================================================
Login Successful
Date : 21-07-2026
Time : 20:53:13
==================================================

==================================================
Login Successful
Date : 21-07-2026
Time : 21:04:55
==================================================

==================================================
Login Successful
Date : 21-07-2026
Time : 21:14:03
==================================================

==================================================
Login Successful
Date : 21-07-2026
Time : 21:20:22
==================================================

==================================================
Login Successful
Date : 21-07-2026
Time : 21:25:24
==================================================

==================================================
Login Successful
Date : 21-07-2026
Time : 21:33:14
==================================================

==================================================
Login Successful
Date : 21-07-2026
Time : 22:52:56
==================================================

==================================================
Exam Started

    Initial Status
    Faces Detected : 0
    Missing Time : 0 sec
Date : 21-07-2026
Time : 22:52:58
==================================================

==================================================
Login Successful
Date : 21-07-2026
Time : 23:18:28
==================================================

==================================================
Exam Started

    Initial Status
    Faces Detected : 0
    Missing Time : 0 sec
Date : 21-07-2026
Time : 23:18:31
==================================================

